<?xml version="1.0" encoding="UTF-8"?>
<!-- Generated by org.testng.reporters.JUnitReportReporter -->
<testsuite hostname="Kotresh" failures="0" tests="1" name="jenkins.DemoTest" time="0.018" errors="0" timestamp="2023-07-13T13:31:56 IST" skipped="0">
  <testcase classname="jenkins.DemoTest" name="demotest" time="0.018"/>
  <system-out/>
</testsuite> <!-- jenkins.DemoTest -->
