<?xml version="1.0" encoding="UTF-8"?>
<!-- Generated by org.testng.reporters.JUnitReportReporter -->
<testsuite hostname="Kotresh" failures="0" tests="1" name="jenkins.FacebookTest" time="65.059" errors="0" timestamp="2023-07-14T11:02:15 IST" skipped="0">
  <testcase classname="jenkins.FacebookTest" name="facebook" time="65.059"/>
  <system-out/>
</testsuite> <!-- jenkins.FacebookTest -->
